<?xml version="1.0" encoding="UTF-8"?>
<coverage generated="1597736978991" clover="3.2.0">
  <project timestamp="1597736978991" name="All files">
    <metrics statements="15" coveredstatements="4" conditionals="0" coveredconditionals="0" methods="4" coveredmethods="1" elements="19" coveredelements="5" complexity="0" loc="15" ncloc="15" packages="1" files="1" classes="1"/>
    <file name="minimal-config.js" path="/Users/ryan/repos/brandglue/website/.cache/__tests__/minimal-config.js">
      <metrics statements="15" coveredstatements="4" conditionals="0" coveredconditionals="0" methods="4" coveredmethods="1"/>
      <line num="1" count="1" type="stmt"/>
      <line num="2" count="1" type="stmt"/>
      <line num="4" count="1" type="stmt"/>
      <line num="5" count="1" type="stmt"/>
      <line num="14" count="0" type="stmt"/>
      <line num="16" count="0" type="stmt"/>
      <line num="17" count="0" type="stmt"/>
      <line num="19" count="0" type="stmt"/>
      <line num="20" count="0" type="stmt"/>
      <line num="23" count="0" type="stmt"/>
      <line num="24" count="0" type="stmt"/>
      <line num="27" count="0" type="stmt"/>
      <line num="28" count="0" type="stmt"/>
      <line num="29" count="0" type="stmt"/>
      <line num="30" count="0" type="stmt"/>
    </file>
  </project>
</coverage>
