{
  "/Users/ryan/repos/brandglue/website/.cache/__tests__/minimal-config.js": {
    "path": "/Users/ryan/repos/brandglue/website/.cache/__tests__/minimal-config.js",
    "statementMap": {
      "0": {
        "start": { "line": 1, "column": 13 },
        "end": { "line": 1, "column": 28 }
      },
      "1": {
        "start": { "line": 2, "column": 14 },
        "end": { "line": 2, "column": 38 }
      },
      "2": {
        "start": { "line": 4, "column": 0 },
        "end": { "line": 32, "column": 9 }
      },
      "3": {
        "start": { "line": 5, "column": 15 },
        "end": { "line": 12, "column": 3 }
      },
      "4": {
        "start": { "line": 14, "column": 16 },
        "end": { "line": 14, "column": 51 }
      },
      "5": {
        "start": { "line": 16, "column": 15 },
        "end": { "line": 16, "column": 17 }
      },
      "6": {
        "start": { "line": 17, "column": 15 },
        "end": { "line": 17, "column": 17 }
      },
      "7": {
        "start": { "line": 19, "column": 2 },
        "end": { "line": 21, "column": 4 }
      },
      "8": {
        "start": { "line": 20, "column": 4 },
        "end": { "line": 20, "column": 19 }
      },
      "9": {
        "start": { "line": 23, "column": 2 },
        "end": { "line": 25, "column": 4 }
      },
      "10": {
        "start": { "line": 24, "column": 4 },
        "end": { "line": 24, "column": 19 }
      },
      "11": {
        "start": { "line": 27, "column": 2 },
        "end": { "line": 31, "column": 4 }
      },
      "12": {
        "start": { "line": 28, "column": 4 },
        "end": { "line": 28, "column": 30 }
      },
      "13": {
        "start": { "line": 29, "column": 4 },
        "end": { "line": 29, "column": 34 }
      },
      "14": {
        "start": { "line": 30, "column": 4 },
        "end": { "line": 30, "column": 10 }
      }
    },
    "fnMap": {
      "0": {
        "name": "(anonymous_0)",
        "decl": {
          "start": { "line": 4, "column": 43 },
          "end": { "line": 4, "column": 44 }
        },
        "loc": {
          "start": { "line": 4, "column": 51 },
          "end": { "line": 32, "column": 1 }
        },
        "line": 4
      },
      "1": {
        "name": "(anonymous_1)",
        "decl": {
          "start": { "line": 19, "column": 26 },
          "end": { "line": 19, "column": 27 }
        },
        "loc": {
          "start": { "line": 19, "column": 43 },
          "end": { "line": 21, "column": 3 }
        },
        "line": 19
      },
      "2": {
        "name": "(anonymous_2)",
        "decl": {
          "start": { "line": 23, "column": 26 },
          "end": { "line": 23, "column": 27 }
        },
        "loc": {
          "start": { "line": 23, "column": 43 },
          "end": { "line": 25, "column": 3 }
        },
        "line": 23
      },
      "3": {
        "name": "(anonymous_3)",
        "decl": {
          "start": { "line": 27, "column": 20 },
          "end": { "line": 27, "column": 21 }
        },
        "loc": {
          "start": { "line": 27, "column": 32 },
          "end": { "line": 31, "column": 3 }
        },
        "line": 27
      }
    },
    "branchMap": {},
    "s": {
      "0": 1,
      "1": 1,
      "2": 1,
      "3": 1,
      "4": 0,
      "5": 0,
      "6": 0,
      "7": 0,
      "8": 0,
      "9": 0,
      "10": 0,
      "11": 0,
      "12": 0,
      "13": 0,
      "14": 0
    },
    "f": { "0": 1, "1": 0, "2": 0, "3": 0 },
    "b": {},
    "_coverageSchema": "43e27e138ebf9cfc5966b082cf9a028302ed4184",
    "hash": "7fcbc51c78499a3c91c431d7f52d8f786ccf183e"
  }
}
